Compilazione avviata 21/11/2017 12:18:54.
     1>Progetto "C:\Users\Dylan\Documents\Visual Studio 2013\Projects\Calcolatori\Laboratorio_05\lenght2String\Lab.vcxproj" sul nodo 2 (destinazioni: Build).
     1>_MASM:
         Assembling file.asm...
         cmd.exe /C "C:\Users\Dylan\AppData\Local\Temp\tmp21c7e44952ce420eacb7df00799bf3e8.cmd"
         ml.exe /c /nologo /Zi /Fo"Debug\file.obj" /W3 /errorReport:prompt  /Tafile.asm
     1>file.asm(53): error A2006: undefined symbol : fine
     1>C:\Program Files (x86)\MSBuild\Microsoft.Cpp\v4.0\V120\BuildCustomizations\masm.targets(50,5): error MSB3721: uscita dal comando "ml.exe /c /nologo /Zi /Fo"Debug\file.obj" /W3 /errorReport:prompt  /Tafile.asm" con codice 1.
     1>Compilazione progetto "C:\Users\Dylan\Documents\Visual Studio 2013\Projects\Calcolatori\Laboratorio_05\lenght2String\Lab.vcxproj" (destinazioni: Build) NON COMPLETATA.

Compilazione NON RIUSCITA.

Tempo trascorso 00:00:00.37
